<?xml version="1.0" encoding="UTF-8"?>
<testsuite name="is.ru.tictactoe.TicTacToeTest" tests="10" skipped="0" failures="0" errors="0" timestamp="2014-10-31T20:49:07" hostname="i-64ba6706" time="0.033">
  <properties/>
  <testcase name="testSwitchPlayer" classname="is.ru.tictactoe.TicTacToeTest" time="0.003"/>
  <testcase name="testCheckForWinnerInCross" classname="is.ru.tictactoe.TicTacToeTest" time="0.008"/>
  <testcase name="testBoardInitialize" classname="is.ru.tictactoe.TicTacToeTest" time="0.0"/>
  <testcase name="testPlayerCharacter" classname="is.ru.tictactoe.TicTacToeTest" time="0.001"/>
  <testcase name="testCheckForTie" classname="is.ru.tictactoe.TicTacToeTest" time="0.0"/>
  <testcase name="testCurrentPlayer" classname="is.ru.tictactoe.TicTacToeTest" time="0.001"/>
  <testcase name="testCheckForWinnerInCol" classname="is.ru.tictactoe.TicTacToeTest" time="0.001"/>
  <testcase name="testCheckForWinnerInRow" classname="is.ru.tictactoe.TicTacToeTest" time="0.001"/>
  <testcase name="testAddToBoard" classname="is.ru.tictactoe.TicTacToeTest" time="0.001"/>
  <testcase name="testCheckForTie2" classname="is.ru.tictactoe.TicTacToeTest" time="0.001"/>
  <system-out><![CDATA[]]></system-out>
  <system-err><![CDATA[]]></system-err>
</testsuite>
